INFO     |2023-10-17 17:52:47,263| Watching for file changes with StatReloader
INFO     |2023-10-17 17:54:15,707| D:\My education\Django_HW\Seminars\Seminars\settings.py changed, reloading.
INFO     |2023-10-17 17:54:16,212| Watching for file changes with StatReloader
INFO     |2023-10-17 17:54:33,158| Watching for file changes with StatReloader
INFO     |2023-10-17 17:54:47,768| D:\My education\Django_HW\Seminars\Seminars\settings.py changed, reloading.
INFO     |2023-10-17 17:54:48,289| Watching for file changes with StatReloader
INFO     |2023-10-17 17:55:06,913| Watching for file changes with StatReloader
INFO     |2023-10-17 18:01:17,657| Watching for file changes with StatReloader
INFO     |2023-10-17 18:01:21,981| "GET / HTTP/1.1" 200 657
INFO     |2023-10-17 18:01:29,810| "GET /admin/ HTTP/1.1" 302 0
INFO     |2023-10-17 18:01:30,027| "GET /admin/login/?next=/admin/ HTTP/1.1" 200 4181
INFO     |2023-10-17 18:01:30,181| "GET /static/admin/css/base.css HTTP/1.1" 200 21207
INFO     |2023-10-17 18:01:30,193| "GET /static/admin/css/dark_mode.css HTTP/1.1" 200 2929
INFO     |2023-10-17 18:01:30,194| "GET /static/admin/css/nav_sidebar.css HTTP/1.1" 200 2694
INFO     |2023-10-17 18:01:30,194| "GET /static/admin/css/responsive.css HTTP/1.1" 200 18533
INFO     |2023-10-17 18:01:30,201| "GET /static/admin/css/login.css HTTP/1.1" 200 958
INFO     |2023-10-17 18:01:30,212| "GET /static/admin/js/theme.js HTTP/1.1" 200 1943
INFO     |2023-10-17 18:01:30,227| "GET /static/admin/js/nav_sidebar.js HTTP/1.1" 200 3063
INFO     |2023-10-17 18:01:35,721| "GET /add_product/ HTTP/1.1" 200 1762
INFO     |2023-10-17 18:01:42,777| "GET /update_product/ HTTP/1.1" 200 2104
INFO     |2023-10-17 18:01:46,162| "GET /show_clients/ HTTP/1.1" 200 657
INFO     |2023-10-17 18:01:48,922| "GET /show_products/ HTTP/1.1" 200 657
INFO     |2023-10-17 18:01:59,832| "GET /admin/ HTTP/1.1" 302 0
INFO     |2023-10-17 18:01:59,839| "GET /admin/login/?next=/admin/ HTTP/1.1" 200 4181
INFO     |2023-10-17 18:02:18,014| "GET /admin/ HTTP/1.1" 302 0
INFO     |2023-10-17 18:02:18,020| "GET /admin/login/?next=/admin/ HTTP/1.1" 200 4181
INFO     |2023-10-17 18:02:33,375| "POST /admin/login/?next=/admin/ HTTP/1.1" 200 4342
INFO     |2023-10-17 18:02:36,085| "GET /admin/login/?next=/admin/ HTTP/1.1" 200 4181
INFO     |2023-10-17 18:02:51,036| "GET /admin/ HTTP/1.1" 302 0
INFO     |2023-10-17 18:02:51,042| "GET /admin/login/?next=/admin/ HTTP/1.1" 200 4181
INFO     |2023-10-17 18:02:56,280| "POST /admin/login/?next=/admin/ HTTP/1.1" 200 4342
INFO     |2023-10-17 18:03:11,740| "POST /admin/login/?next=/admin/ HTTP/1.1" 200 4342
INFO     |2023-10-17 18:05:53,744| Watching for file changes with StatReloader
INFO     |2023-10-17 18:05:55,283| "GET / HTTP/1.1" 200 657
INFO     |2023-10-17 18:05:56,992| "GET /admin/ HTTP/1.1" 302 0
INFO     |2023-10-17 18:05:57,004| "GET /admin/login/?next=/admin/ HTTP/1.1" 200 4181
INFO     |2023-10-17 18:06:07,636| "POST /admin/login/?next=/admin/ HTTP/1.1" 200 4342
INFO     |2023-10-17 18:06:13,495| "GET /admin/login/?next=/admin/ HTTP/1.1" 200 4181
INFO     |2023-10-17 18:09:50,175| Watching for file changes with StatReloader
INFO     |2023-10-17 18:09:51,599| "GET / HTTP/1.1" 200 657
INFO     |2023-10-17 18:09:53,341| "GET /admin/ HTTP/1.1" 302 0
INFO     |2023-10-17 18:09:53,364| "GET /admin/login/?next=/admin/ HTTP/1.1" 200 4181
INFO     |2023-10-17 18:10:00,699| "POST /admin/login/?next=/admin/ HTTP/1.1" 302 0
INFO     |2023-10-17 18:10:00,819| "GET /admin/ HTTP/1.1" 200 7109
INFO     |2023-10-17 18:10:00,885| "GET /static/admin/css/dashboard.css HTTP/1.1" 200 441
INFO     |2023-10-17 18:10:00,931| "GET /static/admin/img/icon-changelink.svg HTTP/1.1" 200 380
INFO     |2023-10-17 18:10:00,931| "GET /static/admin/img/icon-addlink.svg HTTP/1.1" 200 331
INFO     |2023-10-17 18:10:19,721| "GET /admin/login/?next=/admin/ HTTP/1.1" 302 0
INFO     |2023-10-17 18:10:19,730| "GET /admin/ HTTP/1.1" 200 7109
INFO     |2023-10-17 18:13:36,951| Watching for file changes with StatReloader
INFO     |2023-10-17 18:13:37,941| "GET / HTTP/1.1" 200 649
INFO     |2023-10-17 18:13:42,076| "GET /admin/ HTTP/1.1" 200 7109
INFO     |2023-10-20 14:59:19,163| Watching for file changes with StatReloader
INFO     |2023-10-20 15:00:37,594| D:\My education\Django_HW\venv\Lib\site-packages\PIL\_version.py changed, reloading.
INFO     |2023-10-20 15:00:38,110| Watching for file changes with StatReloader
INFO     |2023-10-20 15:21:24,384| D:\My education\Django_HW\venv\Lib\site-packages\PIL\Image.py changed, reloading.
INFO     |2023-10-20 15:21:24,926| Watching for file changes with StatReloader
INFO     |2023-10-20 15:21:44,728| D:\My education\Django_HW\venv\Lib\site-packages\PIL\Image.py changed, reloading.
INFO     |2023-10-20 15:21:45,320| Watching for file changes with StatReloader
INFO     |2023-10-20 15:23:28,404| D:\My education\Django_HW\venv\Lib\site-packages\PIL\Image.py changed, reloading.
INFO     |2023-10-20 15:23:28,922| Watching for file changes with StatReloader
INFO     |2023-10-20 15:30:28,238| D:\My education\Django_HW\venv\Lib\site-packages\PIL\Image.py changed, reloading.
INFO     |2023-10-20 15:30:28,814| Watching for file changes with StatReloader
INFO     |2023-10-20 15:31:14,052| Watching for file changes with StatReloader
INFO     |2023-10-20 15:32:14,911| D:\My education\Django_HW\Seminars\Seminars\urls.py changed, reloading.
INFO     |2023-10-20 15:32:15,409| Watching for file changes with StatReloader
INFO     |2023-10-20 15:32:28,159| Watching for file changes with StatReloader
INFO     |2023-10-20 15:32:55,048| Watching for file changes with StatReloader
INFO     |2023-10-20 15:35:05,395| Watching for file changes with StatReloader
INFO     |2023-10-20 15:35:07,178| "GET / HTTP/1.1" 200 649
WARNING  |2023-10-20 15:35:07,320| Not Found: /favicon.ico
WARNING  |2023-10-20 15:35:07,321| "GET /favicon.ico HTTP/1.1" 404 3127
INFO     |2023-10-20 15:35:12,576| "GET /admin/ HTTP/1.1" 302 0
INFO     |2023-10-20 15:35:12,616| "GET /admin/login/?next=/admin/ HTTP/1.1" 200 4181
INFO     |2023-10-20 15:35:12,732| "GET /static/admin/css/dark_mode.css HTTP/1.1" 200 2929
INFO     |2023-10-20 15:35:12,733| "GET /static/admin/css/nav_sidebar.css HTTP/1.1" 200 2694
INFO     |2023-10-20 15:35:12,734| "GET /static/admin/css/base.css HTTP/1.1" 200 21207
INFO     |2023-10-20 15:35:12,735| "GET /static/admin/css/login.css HTTP/1.1" 200 958
INFO     |2023-10-20 15:35:12,739| "GET /static/admin/js/theme.js HTTP/1.1" 200 1943
INFO     |2023-10-20 15:35:12,741| "GET /static/admin/js/nav_sidebar.js HTTP/1.1" 200 3063
INFO     |2023-10-20 15:35:12,741| "GET /static/admin/css/responsive.css HTTP/1.1" 200 18533
INFO     |2023-10-20 15:35:27,400| "POST /admin/login/?next=/admin/ HTTP/1.1" 302 0
INFO     |2023-10-20 15:35:27,449| "GET /admin/ HTTP/1.1" 200 7109
INFO     |2023-10-20 15:35:27,477| "GET /static/admin/css/dashboard.css HTTP/1.1" 200 441
INFO     |2023-10-20 15:35:27,493| "GET /static/admin/img/icon-addlink.svg HTTP/1.1" 200 331
INFO     |2023-10-20 15:35:27,493| "GET /static/admin/img/icon-changelink.svg HTTP/1.1" 200 380
INFO     |2023-10-20 15:35:32,069| "GET /admin/login/?next=/admin/ HTTP/1.1" 302 0
INFO     |2023-10-20 15:35:32,077| "GET /admin/ HTTP/1.1" 200 7109
